<?xml version="1.0" encoding="UTF-8"?>
<!-- Generated by org.testng.reporters.JUnitReportReporter -->
<testsuite hostname="DESKTOP-OLMI7T4" failures="0" tests="4" name="com.automationexercise.baseTest.LoginUserWithCorrectEmailAndPasswordTest" time="14.309" errors="0" timestamp="2024-11-12T22:51:18 WAT" skipped="0">
  <testcase classname="com.automationexercise.baseTest.LoginUserWithCorrectEmailAndPasswordTest" name="homepageTest" time="2.202"/>
  <testcase classname="com.automationexercise.baseTest.LoginUserWithCorrectEmailAndPasswordTest" name="loginDataTest" time="7.833"/>
  <testcase classname="com.automationexercise.baseTest.LoginUserWithCorrectEmailAndPasswordTest" name="confirmUsernameTest" time="4.186"/>
  <testcase classname="com.automationexercise.baseTest.LoginUserWithCorrectEmailAndPasswordTest" name="deleteAccountTest" time="0.088"/>
</testsuite> <!-- com.automationexercise.baseTest.LoginUserWithCorrectEmailAndPasswordTest -->
