<?xml version="1.0" encoding="UTF-8"?>
<!-- Generated by org.testng.reporters.JUnitReportReporter -->
<testsuite hostname="DESKTOP-OLMI7T4" failures="0" tests="12" name="com.automationexercise.baseTest.BuyShirtTest" time="87.977" errors="0" timestamp="2024-11-16T20:59:28 WAT" skipped="0">
  <testcase classname="com.automationexercise.baseTest.BuyShirtTest" name="homepageTest" time="4.041"/>
  <testcase classname="com.automationexercise.baseTest.BuyShirtTest" name="productPageTest" time="11.114"/>
  <testcase classname="com.automationexercise.baseTest.BuyShirtTest" name="PoloPageTest" time="3.594"/>
  <testcase classname="com.automationexercise.baseTest.BuyShirtTest" name="reviewFieldTest" time="1.674"/>
  <testcase classname="com.automationexercise.baseTest.BuyShirtTest" name="addToCartTest" time="4.238"/>
  <testcase classname="com.automationexercise.baseTest.BuyShirtTest" name="cartPageTest" time="2.563"/>
  <testcase classname="com.automationexercise.baseTest.BuyShirtTest" name="LoginAndSignUpPageTest" time="3.437"/>
  <testcase classname="com.automationexercise.baseTest.BuyShirtTest" name="signUpDataTest" time="11.440"/>
  <testcase classname="com.automationexercise.baseTest.BuyShirtTest" name="verifyAccountCreationAndLoginTest" time="2.728"/>
  <testcase classname="com.automationexercise.baseTest.BuyShirtTest" name="verifyCartAndProceedToCheckoutTest" time="10.322"/>
  <testcase classname="com.automationexercise.baseTest.BuyShirtTest" name="cardTest" time="20.808"/>
  <testcase classname="com.automationexercise.baseTest.BuyShirtTest" name="deleteAccountTest" time="12.018"/>
</testsuite> <!-- com.automationexercise.baseTest.BuyShirtTest -->
