<?xml version="1.0" encoding="UTF-8"?>
<!-- Generated by org.testng.reporters.JUnitReportReporter -->
<testsuite hostname="DESKTOP-OLMI7T4" failures="0" tests="6" name="com.automationexercise.baseTest.SignUpTest" time="27.617" errors="0" timestamp="2024-11-12T18:06:49 WAT" skipped="0">
  <testcase classname="com.automationexercise.baseTest.SignUpTest" name="homepageTest" time="2.439"/>
  <testcase classname="com.automationexercise.baseTest.SignUpTest" name="LoginAndSignUpPageTest" time="2.833"/>
  <testcase classname="com.automationexercise.baseTest.SignUpTest" name="signUpDataTest" time="9.782"/>
  <testcase classname="com.automationexercise.baseTest.SignUpTest" name="AccountCreatedPageTest" time="2.545"/>
  <testcase classname="com.automationexercise.baseTest.SignUpTest" name="confirmUsernameTest" time="5.105"/>
  <testcase classname="com.automationexercise.baseTest.SignUpTest" name="deleteAccountTest" time="4.913"/>
</testsuite> <!-- com.automationexercise.baseTest.SignUpTest -->
