<?xml version="1.0" encoding="UTF-8"?>
<!-- Generated by org.testng.reporters.JUnitReportReporter -->
<testsuite hostname="DESKTOP-OLMI7T4" failures="0" tests="5" name="com.automationexercise.baseTest.ContactUsTest" time="18.652" errors="0" timestamp="2024-11-22T20:54:20 WAT" skipped="0">
  <testcase classname="com.automationexercise.baseTest.ContactUsTest" name="homepageTest" time="7.590"/>
  <testcase classname="com.automationexercise.baseTest.ContactUsTest" name="verifyText" time="0.124"/>
  <testcase classname="com.automationexercise.baseTest.ContactUsTest" name="contactUsTest" time="2.057"/>
  <testcase classname="com.automationexercise.baseTest.ContactUsTest" name="goToContacts" time="5.580"/>
  <testcase classname="com.automationexercise.baseTest.ContactUsTest" name="ContactPage" time="3.301"/>
</testsuite> <!-- com.automationexercise.baseTest.ContactUsTest -->
